# JRE version: Java(TM) SE Runtime Environment (8.0_161-b12) (build 1.8.0_161-b12)
# Java VM: Java HotSpot(TM) 64-Bit Server VM (25.161-b12 mixed mode linux-amd64 compressed oops)
Heap:
 PSYoungGen      total 1024512K, used 32K [0x0000000670e00000, 0x00000006b2b80000, 0x00000007c0000000)
  eden space 1024000K, 0% used [0x0000000670e00000,0x0000000670e00000,0x00000006af600000)
  from space 512K, 6% used [0x00000006b2b00000,0x00000006b2b08000,0x00000006b2b80000)
  to   space 512K, 0% used [0x00000006b2a80000,0x00000006b2a80000,0x00000006b2b00000)
 ParOldGen       total 687104K, used 2320K [0x00000003d2a00000, 0x00000003fc900000, 0x0000000670e00000)
  object space 687104K, 0% used [0x00000003d2a00000,0x00000003d2c440a0,0x00000003fc900000)
 Metaspace       used 11489K, capacity 11666K, committed 11904K, reserved 1060864K
  class space    used 1215K, capacity 1309K, committed 1408K, reserved 1048576K
GC Heap History (10 events):
Event: 57324.417 GC heap after
Heap after GC invocations=153783 (full 0):
 PSYoungGen      total 493568K, used 32K [0x0000000670e00000, 0x00000006b2b80000, 0x00000007c0000000)
  eden space 493056K, 0% used [0x0000000670e00000,0x0000000670e00000,0x000000068ef80000)
  from space 512K, 6% used [0x00000006b2a80000,0x00000006b2a88000,0x00000006b2b00000)
  to   space 512K, 0% used [0x00000006b2b00000,0x00000006b2b00000,0x00000006b2b80000)
 ParOldGen       total 687104K, used 2320K [0x00000003d2a00000, 0x00000003fc900000, 0x0000000670e00000)
  object space 687104K, 0% used [0x00000003d2a00000,0x00000003d2c440a0,0x00000003fc900000)
 Metaspace       used 11489K, capacity 11666K, committed 11904K, reserved 1060864K
  class space    used 1215K, capacity 1309K, committed 1408K, reserved 1048576K
}
Event: 57324.972 GC heap before
{Heap before GC invocations=153784 (full 0):
 PSYoungGen      total 493568K, used 493088K [0x0000000670e00000, 0x00000006b2b80000, 0x00000007c0000000)
  eden space 493056K, 100% used [0x0000000670e00000,0x000000068ef80000,0x000000068ef80000)
  from space 512K, 6% used [0x00000006b2a80000,0x00000006b2a88000,0x00000006b2b00000)
  to   space 512K, 0% used [0x00000006b2b00000,0x00000006b2b00000,0x00000006b2b80000)
 ParOldGen       total 687104K, used 2320K [0x00000003d2a00000, 0x00000003fc900000, 0x0000000670e00000)
  object space 687104K, 0% used [0x00000003d2a00000,0x00000003d2c440a0,0x00000003fc900000)
 Metaspace       used 11489K, capacity 11666K, committed 11904K, reserved 1060864K
  class space    used 1215K, capacity 1309K, committed 1408K, reserved 1048576K
Event: 57324.975 GC heap after
Heap after GC invocations=153784 (full 0):
 PSYoungGen      total 592384K, used 32K [0x0000000670e00000, 0x00000006b2b80000, 0x00000007c0000000)
  eden space 591872K, 0% used [0x0000000670e00000,0x0000000670e00000,0x0000000695000000)
  from space 512K, 6% used [0x00000006b2b00000,0x00000006b2b08000,0x00000006b2b80000)
  to   space 512K, 0% used [0x00000006b2a80000,0x00000006b2a80000,0x00000006b2b00000)
 ParOldGen       total 687104K, used 2320K [0x00000003d2a00000, 0x00000003fc900000, 0x0000000670e00000)
  object space 687104K, 0% used [0x00000003d2a00000,0x00000003d2c440a0,0x00000003fc900000)
 Metaspace       used 11489K, capacity 11666K, committed 11904K, reserved 1060864K
  class space    used 1215K, capacity 1309K, committed 1408K, reserved 1048576K
}
Event: 57325.660 GC heap before
{Heap before GC invocations=153785 (full 0):
 PSYoungGen      total 592384K, used 591904K [0x0000000670e00000, 0x00000006b2b80000, 0x00000007c0000000)
  eden space 591872K, 100% used [0x0000000670e00000,0x0000000695000000,0x0000000695000000)
  from space 512K, 6% used [0x00000006b2b00000,0x00000006b2b08000,0x00000006b2b80000)
  to   space 512K, 0% used [0x00000006b2a80000,0x00000006b2a80000,0x00000006b2b00000)
 ParOldGen       total 687104K, used 2320K [0x00000003d2a00000, 0x00000003fc900000, 0x0000000670e00000)
  object space 687104K, 0% used [0x00000003d2a00000,0x00000003d2c440a0,0x00000003fc900000)
 Metaspace       used 11489K, capacity 11666K, committed 11904K, reserved 1060864K
  class space    used 1215K, capacity 1309K, committed 1408K, reserved 1048576K
Event: 57325.663 GC heap after
Heap after GC invocations=153785 (full 0):
 PSYoungGen      total 711168K, used 32K [0x0000000670e00000, 0x00000006b2b80000, 0x00000007c0000000)
  eden space 710656K, 0% used [0x0000000670e00000,0x0000000670e00000,0x000000069c400000)
  from space 512K, 6% used [0x00000006b2a80000,0x00000006b2a88000,0x00000006b2b00000)
  to   space 512K, 0% used [0x00000006b2b00000,0x00000006b2b00000,0x00000006b2b80000)
 ParOldGen       total 687104K, used 2320K [0x00000003d2a00000, 0x00000003fc900000, 0x0000000670e00000)
  object space 687104K, 0% used [0x00000003d2a00000,0x00000003d2c440a0,0x00000003fc900000)
 Metaspace       used 11489K, capacity 11666K, committed 11904K, reserved 1060864K
  class space    used 1215K, capacity 1309K, committed 1408K, reserved 1048576K
}
Event: 57326.367 GC heap before
{Heap before GC invocations=153786 (full 0):
 PSYoungGen      total 711168K, used 710688K [0x0000000670e00000, 0x00000006b2b80000, 0x00000007c0000000)
  eden space 710656K, 100% used [0x0000000670e00000,0x000000069c400000,0x000000069c400000)
  from space 512K, 6% used [0x00000006b2a80000,0x00000006b2a88000,0x00000006b2b00000)
  to   space 512K, 0% used [0x00000006b2b00000,0x00000006b2b00000,0x00000006b2b80000)
 ParOldGen       total 687104K, used 2320K [0x00000003d2a00000, 0x00000003fc900000, 0x0000000670e00000)
  object space 687104K, 0% used [0x00000003d2a00000,0x00000003d2c440a0,0x00000003fc900000)
 Metaspace       used 11489K, capacity 11666K, committed 11904K, reserved 1060864K
  class space    used 1215K, capacity 1309K, committed 1408K, reserved 1048576K
Event: 57326.370 GC heap after
Heap after GC invocations=153786 (full 0):
 PSYoungGen      total 853504K, used 32K [0x0000000670e00000, 0x00000006b2b80000, 0x00000007c0000000)
  eden space 852992K, 0% used [0x0000000670e00000,0x0000000670e00000,0x00000006a4f00000)
  from space 512K, 6% used [0x00000006b2b00000,0x00000006b2b08000,0x00000006b2b80000)
  to   space 512K, 0% used [0x00000006b2a80000,0x00000006b2a80000,0x00000006b2b00000)
 ParOldGen       total 687104K, used 2320K [0x00000003d2a00000, 0x00000003fc900000, 0x0000000670e00000)
  object space 687104K, 0% used [0x00000003d2a00000,0x00000003d2c440a0,0x00000003fc900000)
 Metaspace       used 11489K, capacity 11666K, committed 11904K, reserved 1060864K
  class space    used 1215K, capacity 1309K, committed 1408K, reserved 1048576K
}
Event: 57327.388 GC heap before
{Heap before GC invocations=153787 (full 0):
 PSYoungGen      total 853504K, used 853024K [0x0000000670e00000, 0x00000006b2b80000, 0x00000007c0000000)
  eden space 852992K, 100% used [0x0000000670e00000,0x00000006a4f00000,0x00000006a4f00000)
  from space 512K, 6% used [0x00000006b2b00000,0x00000006b2b08000,0x00000006b2b80000)
  to   space 512K, 0% used [0x00000006b2a80000,0x00000006b2a80000,0x00000006b2b00000)
 ParOldGen       total 687104K, used 2320K [0x00000003d2a00000, 0x00000003fc900000, 0x0000000670e00000)
  object space 687104K, 0% used [0x00000003d2a00000,0x00000003d2c440a0,0x00000003fc900000)
 Metaspace       used 11489K, capacity 11666K, committed 11904K, reserved 1060864K
  class space    used 1215K, capacity 1309K, committed 1408K, reserved 1048576K
Event: 57327.390 GC heap after
Heap after GC invocations=153787 (full 0):
 PSYoungGen      total 1024512K, used 32K [0x0000000670e00000, 0x00000006b2b80000, 0x00000007c0000000)
  eden space 1024000K, 0% used [0x0000000670e00000,0x0000000670e00000,0x00000006af600000)
  from space 512K, 6% used [0x00000006b2a80000,0x00000006b2a88000,0x00000006b2b00000)
  to   space 512K, 0% used [0x00000006b2b00000,0x00000006b2b00000,0x00000006b2b80000)
 ParOldGen       total 687104K, used 2320K [0x00000003d2a00000, 0x00000003fc900000, 0x0000000670e00000)
  object space 687104K, 0% used [0x00000003d2a00000,0x00000003d2c440a0,0x00000003fc900000)
 Metaspace       used 11489K, capacity 11666K, committed 11904K, reserved 1060864K
  class space    used 1215K, capacity 1309K, committed 1408K, reserved 1048576K
}
Event: 57328.451 GC heap before
{Heap before GC invocations=153788 (full 0):
 PSYoungGen      total 1024512K, used 1024032K [0x0000000670e00000, 0x00000006b2b80000, 0x00000007c0000000)
  eden space 1024000K, 100% used [0x0000000670e00000,0x00000006af600000,0x00000006af600000)
  from space 512K, 6% used [0x00000006b2a80000,0x00000006b2a88000,0x00000006b2b00000)
  to   space 512K, 0% used [0x00000006b2b00000,0x00000006b2b00000,0x00000006b2b80000)
 ParOldGen       total 687104K, used 2320K [0x00000003d2a00000, 0x00000003fc900000, 0x0000000670e00000)
  object space 687104K, 0% used [0x00000003d2a00000,0x00000003d2c440a0,0x00000003fc900000)
 Metaspace       used 11489K, capacity 11666K, committed 11904K, reserved 1060864K
  class space    used 1215K, capacity 1309K, committed 1408K, reserved 1048576K

