# JRE version: Java(TM) SE Runtime Environment (8.0_161-b12) (build 1.8.0_161-b12)
# Java VM: Java HotSpot(TM) 64-Bit Server VM (25.161-b12 mixed mode linux-amd64 compressed oops)
Heap:
 PSYoungGen      total 3307008K, used 64K [0x0000000670e00000, 0x000000073af00000, 0x00000007c0000000)
  eden space 3303424K, 0% used [0x0000000670e00000,0x0000000670e00000,0x000000073a800000)
  from space 3584K, 1% used [0x000000073a800000,0x000000073a810000,0x000000073ab80000)
  to   space 3584K, 0% used [0x000000073ab80000,0x000000073ab80000,0x000000073af00000)
 ParOldGen       total 687104K, used 2092K [0x00000003d2a00000, 0x00000003fc900000, 0x0000000670e00000)
  object space 687104K, 0% used [0x00000003d2a00000,0x00000003d2c0b0b0,0x00000003fc900000)
 Metaspace       used 10550K, capacity 10770K, committed 11136K, reserved 1058816K
  class space    used 1214K, capacity 1309K, committed 1408K, reserved 1048576K
GC Heap History (10 events):
Event: 340.098 GC heap after
Heap after GC invocations=6 (full 0):
 PSYoungGen      total 1034752K, used 2080K [0x0000000670e00000, 0x00000006b0300000, 0x00000007c0000000)
  eden space 1032192K, 0% used [0x0000000670e00000,0x0000000670e00000,0x00000006afe00000)
  from space 2560K, 81% used [0x00000006b0080000,0x00000006b0288000,0x00000006b0300000)
  to   space 2560K, 0% used [0x00000006afe00000,0x00000006afe00000,0x00000006b0080000)
 ParOldGen       total 687104K, used 32K [0x00000003d2a00000, 0x00000003fc900000, 0x0000000670e00000)
  object space 687104K, 0% used [0x00000003d2a00000,0x00000003d2a08000,0x00000003fc900000)
 Metaspace       used 10550K, capacity 10770K, committed 11136K, reserved 1058816K
  class space    used 1214K, capacity 1309K, committed 1408K, reserved 1048576K
}
Event: 341.951 GC heap before
{Heap before GC invocations=7 (full 0):
 PSYoungGen      total 1034752K, used 1034272K [0x0000000670e00000, 0x00000006b0300000, 0x00000007c0000000)
  eden space 1032192K, 100% used [0x0000000670e00000,0x00000006afe00000,0x00000006afe00000)
  from space 2560K, 81% used [0x00000006b0080000,0x00000006b0288000,0x00000006b0300000)
  to   space 2560K, 0% used [0x00000006afe00000,0x00000006afe00000,0x00000006b0080000)
 ParOldGen       total 687104K, used 32K [0x00000003d2a00000, 0x00000003fc900000, 0x0000000670e00000)
  object space 687104K, 0% used [0x00000003d2a00000,0x00000003d2a08000,0x00000003fc900000)
 Metaspace       used 10550K, capacity 10770K, committed 11136K, reserved 1058816K
  class space    used 1214K, capacity 1309K, committed 1408K, reserved 1048576K
Event: 341.964 GC heap after
Heap after GC invocations=7 (full 0):
 PSYoungGen      total 1034752K, used 32K [0x0000000670e00000, 0x00000006ef400000, 0x00000007c0000000)
  eden space 1032192K, 0% used [0x0000000670e00000,0x0000000670e00000,0x00000006afe00000)
  from space 2560K, 1% used [0x00000006afe00000,0x00000006afe08000,0x00000006b0080000)
  to   space 3072K, 0% used [0x00000006ef100000,0x00000006ef100000,0x00000006ef400000)
 ParOldGen       total 687104K, used 2092K [0x00000003d2a00000, 0x00000003fc900000, 0x0000000670e00000)
  object space 687104K, 0% used [0x00000003d2a00000,0x00000003d2c0b0b0,0x00000003fc900000)
 Metaspace       used 10550K, capacity 10770K, committed 11136K, reserved 1058816K
  class space    used 1214K, capacity 1309K, committed 1408K, reserved 1048576K
}
Event: 343.228 GC heap before
{Heap before GC invocations=8 (full 0):
 PSYoungGen      total 1034752K, used 1032224K [0x0000000670e00000, 0x00000006ef400000, 0x00000007c0000000)
  eden space 1032192K, 100% used [0x0000000670e00000,0x00000006afe00000,0x00000006afe00000)
  from space 2560K, 1% used [0x00000006afe00000,0x00000006afe08000,0x00000006b0080000)
  to   space 3072K, 0% used [0x00000006ef100000,0x00000006ef100000,0x00000006ef400000)
 ParOldGen       total 687104K, used 2092K [0x00000003d2a00000, 0x00000003fc900000, 0x0000000670e00000)
  object space 687104K, 0% used [0x00000003d2a00000,0x00000003d2c0b0b0,0x00000003fc900000)
 Metaspace       used 10550K, capacity 10770K, committed 11136K, reserved 1058816K
  class space    used 1214K, capacity 1309K, committed 1408K, reserved 1048576K
Event: 343.232 GC heap after
Heap after GC invocations=8 (full 0):
 PSYoungGen      total 2067456K, used 32K [0x0000000670e00000, 0x00000006ef400000, 0x00000007c0000000)
  eden space 2064384K, 0% used [0x0000000670e00000,0x0000000670e00000,0x00000006eee00000)
  from space 3072K, 1% used [0x00000006ef100000,0x00000006ef108000,0x00000006ef400000)
  to   space 3072K, 0% used [0x00000006eee00000,0x00000006eee00000,0x00000006ef100000)
 ParOldGen       total 687104K, used 2092K [0x00000003d2a00000, 0x00000003fc900000, 0x0000000670e00000)
  object space 687104K, 0% used [0x00000003d2a00000,0x00000003d2c0b0b0,0x00000003fc900000)
 Metaspace       used 10550K, capacity 10770K, committed 11136K, reserved 1058816K
  class space    used 1214K, capacity 1309K, committed 1408K, reserved 1048576K
}
Event: 346.344 GC heap before
{Heap before GC invocations=9 (full 0):
 PSYoungGen      total 2067456K, used 2064416K [0x0000000670e00000, 0x00000006ef400000, 0x00000007c0000000)
  eden space 2064384K, 100% used [0x0000000670e00000,0x00000006eee00000,0x00000006eee00000)
  from space 3072K, 1% used [0x00000006ef100000,0x00000006ef108000,0x00000006ef400000)
  to   space 3072K, 0% used [0x00000006eee00000,0x00000006eee00000,0x00000006ef100000)
 ParOldGen       total 687104K, used 2092K [0x00000003d2a00000, 0x00000003fc900000, 0x0000000670e00000)
  object space 687104K, 0% used [0x00000003d2a00000,0x00000003d2c0b0b0,0x00000003fc900000)
 Metaspace       used 10550K, capacity 10770K, committed 11136K, reserved 1058816K
  class space    used 1214K, capacity 1309K, committed 1408K, reserved 1048576K
Event: 346.351 GC heap after
Heap after GC invocations=9 (full 0):
 PSYoungGen      total 2067456K, used 32K [0x0000000670e00000, 0x000000073af00000, 0x00000007c0000000)
  eden space 2064384K, 0% used [0x0000000670e00000,0x0000000670e00000,0x00000006eee00000)
  from space 3072K, 1% used [0x00000006eee00000,0x00000006eee08000,0x00000006ef100000)
  to   space 3584K, 0% used [0x000000073ab80000,0x000000073ab80000,0x000000073af00000)
 ParOldGen       total 687104K, used 2092K [0x00000003d2a00000, 0x00000003fc900000, 0x0000000670e00000)
  object space 687104K, 0% used [0x00000003d2a00000,0x00000003d2c0b0b0,0x00000003fc900000)
 Metaspace       used 10550K, capacity 10770K, committed 11136K, reserved 1058816K
  class space    used 1214K, capacity 1309K, committed 1408K, reserved 1048576K
}
Event: 348.698 GC heap before
{Heap before GC invocations=10 (full 0):
 PSYoungGen      total 2067456K, used 2064416K [0x0000000670e00000, 0x000000073af00000, 0x00000007c0000000)
  eden space 2064384K, 100% used [0x0000000670e00000,0x00000006eee00000,0x00000006eee00000)
  from space 3072K, 1% used [0x00000006eee00000,0x00000006eee08000,0x00000006ef100000)
  to   space 3584K, 0% used [0x000000073ab80000,0x000000073ab80000,0x000000073af00000)
 ParOldGen       total 687104K, used 2092K [0x00000003d2a00000, 0x00000003fc900000, 0x0000000670e00000)
  object space 687104K, 0% used [0x00000003d2a00000,0x00000003d2c0b0b0,0x00000003fc900000)
 Metaspace       used 10550K, capacity 10770K, committed 11136K, reserved 1058816K
  class space    used 1214K, capacity 1309K, committed 1408K, reserved 1048576K
Event: 348.703 GC heap after
Heap after GC invocations=10 (full 0):
 PSYoungGen      total 3307008K, used 32K [0x0000000670e00000, 0x000000073af00000, 0x00000007c0000000)
  eden space 3303424K, 0% used [0x0000000670e00000,0x0000000670e00000,0x000000073a800000)
  from space 3584K, 0% used [0x000000073ab80000,0x000000073ab88000,0x000000073af00000)
  to   space 3584K, 0% used [0x000000073a800000,0x000000073a800000,0x000000073ab80000)
 ParOldGen       total 687104K, used 2092K [0x00000003d2a00000, 0x00000003fc900000, 0x0000000670e00000)
  object space 687104K, 0% used [0x00000003d2a00000,0x00000003d2c0b0b0,0x00000003fc900000)
 Metaspace       used 10550K, capacity 10770K, committed 11136K, reserved 1058816K
  class space    used 1214K, capacity 1309K, committed 1408K, reserved 1048576K
}
Event: 354.245 GC heap before
{Heap before GC invocations=11 (full 0):
 PSYoungGen      total 3307008K, used 3303456K [0x0000000670e00000, 0x000000073af00000, 0x00000007c0000000)
  eden space 3303424K, 100% used [0x0000000670e00000,0x000000073a800000,0x000000073a800000)
  from space 3584K, 0% used [0x000000073ab80000,0x000000073ab88000,0x000000073af00000)
  to   space 3584K, 0% used [0x000000073a800000,0x000000073a800000,0x000000073ab80000)
 ParOldGen       total 687104K, used 2092K [0x00000003d2a00000, 0x00000003fc900000, 0x0000000670e00000)
  object space 687104K, 0% used [0x00000003d2a00000,0x00000003d2c0b0b0,0x00000003fc900000)
 Metaspace       used 10550K, capacity 10770K, committed 11136K, reserved 1058816K
  class space    used 1214K, capacity 1309K, committed 1408K, reserved 1048576K

